<?xml version="1.0" encoding="UTF-8"?>
<!-- Generated by org.testng.reporters.JUnitReportReporter -->
<testsuite hostname="Pawans-macbook.local" name="Tests.TestRunner" tests="1" failures="0" timestamp="19 Jan 2018 02:11:01 GMT" time="0.001" errors="1">
  <testcase name="feature" time="0.001" classname="Tests.TestRunner">
    <error type="org.testng.TestNGException" message="
Parameter &#039;devicePort&#039; is required by @Configuration on method setupTestEnvironment but has not been marked @Optional or defined
in /Users/pawan.sharama/Documents/workspace/SixtAppTestAutomation/testng.xml">
      <![CDATA[org.testng.TestNGException: 
Parameter 'devicePort' is required by @Configuration on method setupTestEnvironment but has not been marked @Optional or defined
in /Users/pawan.sharama/Documents/workspace/SixtAppTestAutomation/testng.xml
	at org.testng.internal.Parameters.createParameters(Parameters.java:154)
	at org.testng.internal.Parameters.createParameters(Parameters.java:361)
	at org.testng.internal.Parameters.createConfigurationParameters(Parameters.java:84)
	at org.testng.internal.Invoker.invokeConfigurations(Invoker.java:197)
	at org.testng.internal.Invoker.invokeConfigurations(Invoker.java:138)
	at org.testng.SuiteRunner.privateRun(SuiteRunner.java:298)
	at org.testng.SuiteRunner.run(SuiteRunner.java:261)
	at org.testng.SuiteRunnerWorker.runSuite(SuiteRunnerWorker.java:52)
	at org.testng.SuiteRunnerWorker.run(SuiteRunnerWorker.java:86)
	at org.testng.TestNG.runSuitesSequentially(TestNG.java:1191)
	at org.testng.TestNG.runSuitesLocally(TestNG.java:1116)
	at org.testng.TestNG.run(TestNG.java:1024)
	at org.testng.remote.AbstractRemoteTestNG.run(AbstractRemoteTestNG.java:126)
	at org.testng.remote.RemoteTestNG.initAndRun(RemoteTestNG.java:137)
	at org.testng.remote.RemoteTestNG.main(RemoteTestNG.java:58)
]]>
    </error>
  </testcase> <!-- feature -->
</testsuite> <!-- Tests.TestRunner -->
